[2025-11-08T09:00:51.609+0000] {manager.py:483} INFO - Processing files using up to 2 processes at a time 
[2025-11-08T09:00:51.609+0000] {manager.py:484} INFO - Process each file at most once every 30 seconds
[2025-11-08T09:00:51.610+0000] {manager.py:485} INFO - Checking for new files in /opt/airflow/dags every 300 seconds
[2025-11-08T09:00:51.610+0000] {manager.py:821} INFO - Searching for files in /opt/airflow/dags
[2025-11-08T09:00:51.611+0000] {manager.py:824} INFO - There are 0 files in /opt/airflow/dags
[2025-11-08T09:04:22.058+0000] {manager.py:465} INFO - Exiting gracefully upon receiving signal 15
[2025-11-08T09:05:26.807+0000] {manager.py:483} INFO - Processing files using up to 2 processes at a time 
[2025-11-08T09:05:26.808+0000] {manager.py:484} INFO - Process each file at most once every 30 seconds
[2025-11-08T09:05:26.808+0000] {manager.py:485} INFO - Checking for new files in /opt/airflow/dags every 300 seconds
[2025-11-08T09:05:26.809+0000] {manager.py:821} INFO - Searching for files in /opt/airflow/dags
[2025-11-08T09:05:26.810+0000] {manager.py:824} INFO - There are 0 files in /opt/airflow/dags
[2025-11-08T09:05:56.563+0000] {manager.py:465} INFO - Exiting gracefully upon receiving signal 15
[2025-11-08T09:07:22.443+0000] {manager.py:483} INFO - Processing files using up to 2 processes at a time 
[2025-11-08T09:07:22.444+0000] {manager.py:484} INFO - Process each file at most once every 30 seconds
[2025-11-08T09:07:22.444+0000] {manager.py:485} INFO - Checking for new files in /opt/airflow/dags every 300 seconds
[2025-11-08T09:07:22.445+0000] {manager.py:821} INFO - Searching for files in /opt/airflow/dags
[2025-11-08T09:07:22.446+0000] {manager.py:824} INFO - There are 0 files in /opt/airflow/dags
[2025-11-08T09:12:22.447+0000] {manager.py:821} INFO - Searching for files in /opt/airflow/dags
[2025-11-08T09:12:22.448+0000] {manager.py:824} INFO - There are 0 files in /opt/airflow/dags
[2025-11-08T09:16:31.661+0000] {manager.py:465} INFO - Exiting gracefully upon receiving signal 15
[2025-11-08T09:17:29.282+0000] {manager.py:483} INFO - Processing files using up to 2 processes at a time 
[2025-11-08T09:17:29.283+0000] {manager.py:484} INFO - Process each file at most once every 30 seconds
[2025-11-08T09:17:29.283+0000] {manager.py:485} INFO - Checking for new files in /opt/airflow/projects/main_pipe/dags every 300 seconds
[2025-11-08T09:17:29.283+0000] {manager.py:821} INFO - Searching for files in /opt/airflow/projects/main_pipe/dags
[2025-11-08T09:17:29.284+0000] {manager.py:824} INFO - There are 0 files in /opt/airflow/projects/main_pipe/dags
[2025-11-08T09:21:40.552+0000] {manager.py:465} INFO - Exiting gracefully upon receiving signal 15
[2025-11-08T09:27:15.086+0000] {manager.py:483} INFO - Processing files using up to 2 processes at a time 
[2025-11-08T09:27:15.088+0000] {manager.py:484} INFO - Process each file at most once every 30 seconds
[2025-11-08T09:27:15.088+0000] {manager.py:485} INFO - Checking for new files in /opt/airflow/projects/main_pipe/dags every 300 seconds
[2025-11-08T09:27:15.088+0000] {manager.py:821} INFO - Searching for files in /opt/airflow/projects/main_pipe/dags
[2025-11-08T09:27:15.088+0000] {manager.py:824} INFO - There are 0 files in /opt/airflow/projects/main_pipe/dags
[2025-11-08T09:28:50.991+0000] {manager.py:465} INFO - Exiting gracefully upon receiving signal 15
[2025-11-08T09:32:43.258+0000] {manager.py:483} INFO - Processing files using up to 2 processes at a time 
[2025-11-08T09:32:43.259+0000] {manager.py:484} INFO - Process each file at most once every 30 seconds
[2025-11-08T09:32:43.259+0000] {manager.py:485} INFO - Checking for new files in /opt/airflow/projects/main_pipe/dags every 300 seconds
[2025-11-08T09:32:43.260+0000] {manager.py:821} INFO - Searching for files in /opt/airflow/projects/main_pipe/dags
[2025-11-08T09:32:43.260+0000] {manager.py:824} INFO - There are 0 files in /opt/airflow/projects/main_pipe/dags
[2025-11-08T09:37:43.634+0000] {manager.py:821} INFO - Searching for files in /opt/airflow/projects/main_pipe/dags
[2025-11-08T09:37:43.635+0000] {manager.py:824} INFO - There are 0 files in /opt/airflow/projects/main_pipe/dags
[2025-11-08T09:42:44.045+0000] {manager.py:821} INFO - Searching for files in /opt/airflow/projects/main_pipe/dags
[2025-11-08T09:42:44.046+0000] {manager.py:824} INFO - There are 0 files in /opt/airflow/projects/main_pipe/dags
[2025-11-08T09:47:44.501+0000] {manager.py:821} INFO - Searching for files in /opt/airflow/projects/main_pipe/dags
[2025-11-08T09:47:44.502+0000] {manager.py:824} INFO - There are 0 files in /opt/airflow/projects/main_pipe/dags
[2025-11-08T09:50:09.256+0000] {manager.py:465} INFO - Exiting gracefully upon receiving signal 15
[2025-11-08T09:51:31.054+0000] {manager.py:483} INFO - Processing files using up to 2 processes at a time 
[2025-11-08T09:51:31.055+0000] {manager.py:484} INFO - Process each file at most once every 30 seconds
[2025-11-08T09:51:31.056+0000] {manager.py:485} INFO - Checking for new files in /opt/airflow/projects/main_pipe/dags every 300 seconds
[2025-11-08T09:51:31.056+0000] {manager.py:821} INFO - Searching for files in /opt/airflow/projects/main_pipe/dags
[2025-11-08T09:51:31.057+0000] {manager.py:824} INFO - There are 1 files in /opt/airflow/projects/main_pipe/dags
[2025-11-08T09:51:31.164+0000] {manager.py:997} INFO - 
================================================================================
DAG File Processing Stats

File Path                                            PID  Runtime      # DAGs    # Errors  Last Runtime    Last Run      Last # of DB Queries
-------------------------------------------------  -----  ---------  --------  ----------  --------------  ----------  ----------------------
/opt/airflow/projects/main_pipe/dags/test_pipe.py     31  0.06s             0           0                                                   0
================================================================================
[2025-11-08T09:52:01.913+0000] {manager.py:997} INFO - 
================================================================================
DAG File Processing Stats

File Path                                            PID  Runtime      # DAGs    # Errors  Last Runtime    Last Run               Last # of DB Queries
-------------------------------------------------  -----  ---------  --------  ----------  --------------  -------------------  ----------------------
/opt/airflow/projects/main_pipe/dags/test_pipe.py     32  0.01s             1           0  0.51s           2025-11-08T09:51:31                      43
================================================================================
[2025-11-08T09:52:32.697+0000] {manager.py:997} INFO - 
================================================================================
DAG File Processing Stats

File Path                                            PID  Runtime      # DAGs    # Errors  Last Runtime    Last Run               Last # of DB Queries
-------------------------------------------------  -----  ---------  --------  ----------  --------------  -------------------  ----------------------
/opt/airflow/projects/main_pipe/dags/test_pipe.py     51  0.01s             1           0  0.23s           2025-11-08T09:52:02                      32
================================================================================
[2025-11-08T09:53:03.606+0000] {manager.py:997} INFO - 
================================================================================
DAG File Processing Stats

File Path                                            PID  Runtime      # DAGs    # Errors  Last Runtime    Last Run               Last # of DB Queries
-------------------------------------------------  -----  ---------  --------  ----------  --------------  -------------------  ----------------------
/opt/airflow/projects/main_pipe/dags/test_pipe.py     53  0.01s             1           0  0.25s           2025-11-08T09:52:32                      32
================================================================================
[2025-11-08T09:53:34.502+0000] {manager.py:997} INFO - 
================================================================================
DAG File Processing Stats

File Path                                          PID    Runtime      # DAGs    # Errors  Last Runtime    Last Run               Last # of DB Queries
-------------------------------------------------  -----  ---------  --------  ----------  --------------  -------------------  ----------------------
/opt/airflow/projects/main_pipe/dags/test_pipe.py                           0           1  0.07s           2025-11-08T09:53:33                       5
================================================================================
[2025-11-08T09:54:05.345+0000] {manager.py:997} INFO - 
================================================================================
DAG File Processing Stats

File Path                                          PID    Runtime      # DAGs    # Errors  Last Runtime    Last Run               Last # of DB Queries
-------------------------------------------------  -----  ---------  --------  ----------  --------------  -------------------  ----------------------
/opt/airflow/projects/main_pipe/dags/test_pipe.py                           0           1  0.10s           2025-11-08T09:53:58                       5
================================================================================
[2025-11-08T09:54:36.202+0000] {manager.py:997} INFO - 
================================================================================
DAG File Processing Stats

File Path                                          PID    Runtime      # DAGs    # Errors  Last Runtime    Last Run               Last # of DB Queries
-------------------------------------------------  -----  ---------  --------  ----------  --------------  -------------------  ----------------------
/opt/airflow/projects/main_pipe/dags/test_pipe.py                           0           1  0.07s           2025-11-08T09:54:29                       5
================================================================================
[2025-11-08T09:55:07.047+0000] {manager.py:997} INFO - 
================================================================================
DAG File Processing Stats

File Path                                          PID    Runtime      # DAGs    # Errors  Last Runtime    Last Run               Last # of DB Queries
-------------------------------------------------  -----  ---------  --------  ----------  --------------  -------------------  ----------------------
/opt/airflow/projects/main_pipe/dags/test_pipe.py                           0           1  0.06s           2025-11-08T09:55:00                       5
================================================================================
[2025-11-08T09:55:37.856+0000] {manager.py:997} INFO - 
================================================================================
DAG File Processing Stats

File Path                                          PID    Runtime      # DAGs    # Errors  Last Runtime    Last Run               Last # of DB Queries
-------------------------------------------------  -----  ---------  --------  ----------  --------------  -------------------  ----------------------
/opt/airflow/projects/main_pipe/dags/test_pipe.py                           0           1  0.07s           2025-11-08T09:55:30                       5
================================================================================
[2025-11-08T09:56:08.636+0000] {manager.py:997} INFO - 
================================================================================
DAG File Processing Stats

File Path                                          PID    Runtime      # DAGs    # Errors  Last Runtime    Last Run               Last # of DB Queries
-------------------------------------------------  -----  ---------  --------  ----------  --------------  -------------------  ----------------------
/opt/airflow/projects/main_pipe/dags/test_pipe.py                           0           1  0.07s           2025-11-08T09:56:01                       5
================================================================================
[2025-11-08T09:56:31.832+0000] {manager.py:821} INFO - Searching for files in /opt/airflow/projects/main_pipe/dags
[2025-11-08T09:56:31.834+0000] {manager.py:824} INFO - There are 1 files in /opt/airflow/projects/main_pipe/dags
[2025-11-08T09:56:39.433+0000] {manager.py:997} INFO - 
================================================================================
DAG File Processing Stats

File Path                                          PID    Runtime      # DAGs    # Errors  Last Runtime    Last Run               Last # of DB Queries
-------------------------------------------------  -----  ---------  --------  ----------  --------------  -------------------  ----------------------
/opt/airflow/projects/main_pipe/dags/test_pipe.py                           0           1  0.07s           2025-11-08T09:56:31                       5
================================================================================
[2025-11-08T09:57:10.333+0000] {manager.py:997} INFO - 
================================================================================
DAG File Processing Stats

File Path                                          PID    Runtime      # DAGs    # Errors  Last Runtime    Last Run               Last # of DB Queries
-------------------------------------------------  -----  ---------  --------  ----------  --------------  -------------------  ----------------------
/opt/airflow/projects/main_pipe/dags/test_pipe.py                           0           1  0.07s           2025-11-08T09:57:02                       5
================================================================================
[2025-11-08T09:57:41.244+0000] {manager.py:997} INFO - 
================================================================================
DAG File Processing Stats

File Path                                          PID    Runtime      # DAGs    # Errors  Last Runtime    Last Run               Last # of DB Queries
-------------------------------------------------  -----  ---------  --------  ----------  --------------  -------------------  ----------------------
/opt/airflow/projects/main_pipe/dags/test_pipe.py                           0           1  0.07s           2025-11-08T09:57:40                       5
================================================================================
[2025-11-08T09:58:12.033+0000] {manager.py:997} INFO - 
================================================================================
DAG File Processing Stats

File Path                                          PID    Runtime      # DAGs    # Errors  Last Runtime    Last Run               Last # of DB Queries
-------------------------------------------------  -----  ---------  --------  ----------  --------------  -------------------  ----------------------
/opt/airflow/projects/main_pipe/dags/test_pipe.py                           0           1  0.07s           2025-11-08T09:58:10                       5
================================================================================
[2025-11-08T09:58:42.314+0000] {manager.py:997} INFO - 
================================================================================
DAG File Processing Stats

File Path                                          PID    Runtime      # DAGs    # Errors  Last Runtime    Last Run               Last # of DB Queries
-------------------------------------------------  -----  ---------  --------  ----------  --------------  -------------------  ----------------------
/opt/airflow/projects/main_pipe/dags/test_pipe.py                           0           1  0.07s           2025-11-08T09:58:41                       5
================================================================================
[2025-11-08T09:59:13.173+0000] {manager.py:997} INFO - 
================================================================================
DAG File Processing Stats

File Path                                          PID    Runtime      # DAGs    # Errors  Last Runtime    Last Run               Last # of DB Queries
-------------------------------------------------  -----  ---------  --------  ----------  --------------  -------------------  ----------------------
/opt/airflow/projects/main_pipe/dags/test_pipe.py                           0           1  0.07s           2025-11-08T09:59:12                       5
================================================================================
[2025-11-08T09:59:43.957+0000] {manager.py:997} INFO - 
================================================================================
DAG File Processing Stats

File Path                                          PID    Runtime      # DAGs    # Errors  Last Runtime    Last Run               Last # of DB Queries
-------------------------------------------------  -----  ---------  --------  ----------  --------------  -------------------  ----------------------
/opt/airflow/projects/main_pipe/dags/test_pipe.py                           0           1  0.07s           2025-11-08T09:59:42                       5
================================================================================
[2025-11-08T10:00:14.774+0000] {manager.py:997} INFO - 
================================================================================
DAG File Processing Stats

File Path                                          PID    Runtime      # DAGs    # Errors  Last Runtime    Last Run               Last # of DB Queries
-------------------------------------------------  -----  ---------  --------  ----------  --------------  -------------------  ----------------------
/opt/airflow/projects/main_pipe/dags/test_pipe.py                           0           1  0.08s           2025-11-08T10:00:13                       5
================================================================================
[2025-11-08T10:00:45.632+0000] {manager.py:997} INFO - 
================================================================================
DAG File Processing Stats

File Path                                          PID    Runtime      # DAGs    # Errors  Last Runtime    Last Run               Last # of DB Queries
-------------------------------------------------  -----  ---------  --------  ----------  --------------  -------------------  ----------------------
/opt/airflow/projects/main_pipe/dags/test_pipe.py                           0           1  0.07s           2025-11-08T10:00:44                       5
================================================================================
[2025-11-08T10:01:16.456+0000] {manager.py:997} INFO - 
================================================================================
DAG File Processing Stats

File Path                                          PID    Runtime      # DAGs    # Errors  Last Runtime    Last Run               Last # of DB Queries
-------------------------------------------------  -----  ---------  --------  ----------  --------------  -------------------  ----------------------
/opt/airflow/projects/main_pipe/dags/test_pipe.py                           0           1  0.07s           2025-11-08T10:01:15                       5
================================================================================
[2025-11-08T10:01:32.098+0000] {manager.py:821} INFO - Searching for files in /opt/airflow/projects/main_pipe/dags
[2025-11-08T10:01:32.099+0000] {manager.py:824} INFO - There are 1 files in /opt/airflow/projects/main_pipe/dags
[2025-11-08T10:01:47.260+0000] {manager.py:997} INFO - 
================================================================================
DAG File Processing Stats

File Path                                          PID    Runtime      # DAGs    # Errors  Last Runtime    Last Run               Last # of DB Queries
-------------------------------------------------  -----  ---------  --------  ----------  --------------  -------------------  ----------------------
/opt/airflow/projects/main_pipe/dags/test_pipe.py                           0           1  0.07s           2025-11-08T10:01:46                       5
================================================================================
[2025-11-08T10:02:18.085+0000] {manager.py:997} INFO - 
================================================================================
DAG File Processing Stats

File Path                                          PID    Runtime      # DAGs    # Errors  Last Runtime    Last Run               Last # of DB Queries
-------------------------------------------------  -----  ---------  --------  ----------  --------------  -------------------  ----------------------
/opt/airflow/projects/main_pipe/dags/test_pipe.py                           0           1  0.07s           2025-11-08T10:02:17                       5
================================================================================
[2025-11-08T10:02:48.923+0000] {manager.py:997} INFO - 
================================================================================
DAG File Processing Stats

File Path                                          PID    Runtime      # DAGs    # Errors  Last Runtime    Last Run               Last # of DB Queries
-------------------------------------------------  -----  ---------  --------  ----------  --------------  -------------------  ----------------------
/opt/airflow/projects/main_pipe/dags/test_pipe.py                           0           1  0.08s           2025-11-08T10:02:47                       5
================================================================================
[2025-11-08T10:03:19.776+0000] {manager.py:997} INFO - 
================================================================================
DAG File Processing Stats

File Path                                          PID    Runtime      # DAGs    # Errors  Last Runtime    Last Run               Last # of DB Queries
-------------------------------------------------  -----  ---------  --------  ----------  --------------  -------------------  ----------------------
/opt/airflow/projects/main_pipe/dags/test_pipe.py                           0           1  0.08s           2025-11-08T10:03:18                       5
================================================================================
[2025-11-08T10:03:50.603+0000] {manager.py:997} INFO - 
================================================================================
DAG File Processing Stats

File Path                                          PID    Runtime      # DAGs    # Errors  Last Runtime    Last Run               Last # of DB Queries
-------------------------------------------------  -----  ---------  --------  ----------  --------------  -------------------  ----------------------
/opt/airflow/projects/main_pipe/dags/test_pipe.py                           0           1  0.08s           2025-11-08T10:03:49                       5
================================================================================
[2025-11-08T10:04:21.463+0000] {manager.py:997} INFO - 
================================================================================
DAG File Processing Stats

File Path                                          PID    Runtime      # DAGs    # Errors  Last Runtime    Last Run               Last # of DB Queries
-------------------------------------------------  -----  ---------  --------  ----------  --------------  -------------------  ----------------------
/opt/airflow/projects/main_pipe/dags/test_pipe.py                           0           1  0.07s           2025-11-08T10:04:20                       5
================================================================================
[2025-11-08T10:04:52.238+0000] {manager.py:997} INFO - 
================================================================================
DAG File Processing Stats

File Path                                          PID    Runtime      # DAGs    # Errors  Last Runtime    Last Run               Last # of DB Queries
-------------------------------------------------  -----  ---------  --------  ----------  --------------  -------------------  ----------------------
/opt/airflow/projects/main_pipe/dags/test_pipe.py                           0           1  0.08s           2025-11-08T10:04:51                       5
================================================================================
[2025-11-08T10:05:23.065+0000] {manager.py:997} INFO - 
================================================================================
DAG File Processing Stats

File Path                                          PID    Runtime      # DAGs    # Errors  Last Runtime    Last Run               Last # of DB Queries
-------------------------------------------------  -----  ---------  --------  ----------  --------------  -------------------  ----------------------
/opt/airflow/projects/main_pipe/dags/test_pipe.py                           0           1  0.08s           2025-11-08T10:05:22                       5
================================================================================
[2025-11-08T10:05:53.891+0000] {manager.py:997} INFO - 
================================================================================
DAG File Processing Stats

File Path                                          PID    Runtime      # DAGs    # Errors  Last Runtime    Last Run               Last # of DB Queries
-------------------------------------------------  -----  ---------  --------  ----------  --------------  -------------------  ----------------------
/opt/airflow/projects/main_pipe/dags/test_pipe.py                           0           1  0.08s           2025-11-08T10:05:52                       5
================================================================================
[2025-11-08T10:06:24.193+0000] {manager.py:997} INFO - 
================================================================================
DAG File Processing Stats

File Path                                          PID    Runtime      # DAGs    # Errors  Last Runtime    Last Run               Last # of DB Queries
-------------------------------------------------  -----  ---------  --------  ----------  --------------  -------------------  ----------------------
/opt/airflow/projects/main_pipe/dags/test_pipe.py                           0           1  0.07s           2025-11-08T10:06:23                       5
================================================================================
[2025-11-08T10:06:32.804+0000] {manager.py:821} INFO - Searching for files in /opt/airflow/projects/main_pipe/dags
[2025-11-08T10:06:32.805+0000] {manager.py:824} INFO - There are 1 files in /opt/airflow/projects/main_pipe/dags
[2025-11-08T10:06:55.047+0000] {manager.py:997} INFO - 
================================================================================
DAG File Processing Stats

File Path                                          PID    Runtime      # DAGs    # Errors  Last Runtime    Last Run               Last # of DB Queries
-------------------------------------------------  -----  ---------  --------  ----------  --------------  -------------------  ----------------------
/opt/airflow/projects/main_pipe/dags/test_pipe.py                           0           1  0.09s           2025-11-08T10:06:54                       5
================================================================================
[2025-11-08T10:07:25.886+0000] {manager.py:997} INFO - 
================================================================================
DAG File Processing Stats

File Path                                          PID    Runtime      # DAGs    # Errors  Last Runtime    Last Run               Last # of DB Queries
-------------------------------------------------  -----  ---------  --------  ----------  --------------  -------------------  ----------------------
/opt/airflow/projects/main_pipe/dags/test_pipe.py                           0           1  0.07s           2025-11-08T10:07:24                       5
================================================================================
[2025-11-08T10:07:56.728+0000] {manager.py:997} INFO - 
================================================================================
DAG File Processing Stats

File Path                                          PID    Runtime      # DAGs    # Errors  Last Runtime    Last Run               Last # of DB Queries
-------------------------------------------------  -----  ---------  --------  ----------  --------------  -------------------  ----------------------
/opt/airflow/projects/main_pipe/dags/test_pipe.py                           0           1  0.07s           2025-11-08T10:07:55                       5
================================================================================
[2025-11-08T10:08:27.597+0000] {manager.py:997} INFO - 
================================================================================
DAG File Processing Stats

File Path                                          PID    Runtime      # DAGs    # Errors  Last Runtime    Last Run               Last # of DB Queries
-------------------------------------------------  -----  ---------  --------  ----------  --------------  -------------------  ----------------------
/opt/airflow/projects/main_pipe/dags/test_pipe.py                           0           1  0.08s           2025-11-08T10:08:26                       5
================================================================================
[2025-11-08T10:08:58.568+0000] {manager.py:997} INFO - 
================================================================================
DAG File Processing Stats

File Path                                          PID    Runtime      # DAGs    # Errors  Last Runtime    Last Run               Last # of DB Queries
-------------------------------------------------  -----  ---------  --------  ----------  --------------  -------------------  ----------------------
/opt/airflow/projects/main_pipe/dags/test_pipe.py                           0           1  0.10s           2025-11-08T10:08:57                       5
================================================================================
[2025-11-08T10:09:29.411+0000] {manager.py:997} INFO - 
================================================================================
DAG File Processing Stats

File Path                                          PID    Runtime      # DAGs    # Errors  Last Runtime    Last Run               Last # of DB Queries
-------------------------------------------------  -----  ---------  --------  ----------  --------------  -------------------  ----------------------
/opt/airflow/projects/main_pipe/dags/test_pipe.py                           0           1  0.07s           2025-11-08T10:09:28                       5
================================================================================
[2025-11-08T10:10:00.340+0000] {manager.py:997} INFO - 
================================================================================
DAG File Processing Stats

File Path                                          PID    Runtime      # DAGs    # Errors  Last Runtime    Last Run               Last # of DB Queries
-------------------------------------------------  -----  ---------  --------  ----------  --------------  -------------------  ----------------------
/opt/airflow/projects/main_pipe/dags/test_pipe.py                           0           1  0.08s           2025-11-08T10:09:59                       5
================================================================================
[2025-11-08T10:10:31.176+0000] {manager.py:997} INFO - 
================================================================================
DAG File Processing Stats

File Path                                          PID    Runtime      # DAGs    # Errors  Last Runtime    Last Run               Last # of DB Queries
-------------------------------------------------  -----  ---------  --------  ----------  --------------  -------------------  ----------------------
/opt/airflow/projects/main_pipe/dags/test_pipe.py                           0           1  0.06s           2025-11-08T10:10:30                       5
================================================================================
[2025-11-08T10:11:02.032+0000] {manager.py:997} INFO - 
================================================================================
DAG File Processing Stats

File Path                                          PID    Runtime      # DAGs    # Errors  Last Runtime    Last Run               Last # of DB Queries
-------------------------------------------------  -----  ---------  --------  ----------  --------------  -------------------  ----------------------
/opt/airflow/projects/main_pipe/dags/test_pipe.py                           0           1  0.07s           2025-11-08T10:11:01                       5
================================================================================
[2025-11-08T10:11:32.889+0000] {manager.py:821} INFO - Searching for files in /opt/airflow/projects/main_pipe/dags
[2025-11-08T10:11:32.892+0000] {manager.py:824} INFO - There are 1 files in /opt/airflow/projects/main_pipe/dags
[2025-11-08T10:11:32.907+0000] {manager.py:997} INFO - 
================================================================================
DAG File Processing Stats

File Path                                          PID    Runtime      # DAGs    # Errors  Last Runtime    Last Run               Last # of DB Queries
-------------------------------------------------  -----  ---------  --------  ----------  --------------  -------------------  ----------------------
/opt/airflow/projects/main_pipe/dags/test_pipe.py                           0           1  0.07s           2025-11-08T10:11:31                       5
================================================================================
[2025-11-08T10:12:03.839+0000] {manager.py:997} INFO - 
================================================================================
DAG File Processing Stats

File Path                                          PID    Runtime      # DAGs    # Errors  Last Runtime    Last Run               Last # of DB Queries
-------------------------------------------------  -----  ---------  --------  ----------  --------------  -------------------  ----------------------
/opt/airflow/projects/main_pipe/dags/test_pipe.py                           0           1  0.08s           2025-11-08T10:12:02                       5
================================================================================
[2025-11-08T10:12:34.717+0000] {manager.py:997} INFO - 
================================================================================
DAG File Processing Stats

File Path                                          PID    Runtime      # DAGs    # Errors  Last Runtime    Last Run               Last # of DB Queries
-------------------------------------------------  -----  ---------  --------  ----------  --------------  -------------------  ----------------------
/opt/airflow/projects/main_pipe/dags/test_pipe.py                           0           1  0.07s           2025-11-08T10:12:33                       5
================================================================================
[2025-11-08T10:13:05.619+0000] {manager.py:997} INFO - 
================================================================================
DAG File Processing Stats

File Path                                          PID    Runtime      # DAGs    # Errors  Last Runtime    Last Run               Last # of DB Queries
-------------------------------------------------  -----  ---------  --------  ----------  --------------  -------------------  ----------------------
/opt/airflow/projects/main_pipe/dags/test_pipe.py                           0           1  0.08s           2025-11-08T10:13:04                       5
================================================================================
[2025-11-08T10:13:36.546+0000] {manager.py:997} INFO - 
================================================================================
DAG File Processing Stats

File Path                                          PID    Runtime      # DAGs    # Errors  Last Runtime    Last Run               Last # of DB Queries
-------------------------------------------------  -----  ---------  --------  ----------  --------------  -------------------  ----------------------
/opt/airflow/projects/main_pipe/dags/test_pipe.py                           1           0  0.38s           2025-11-08T10:13:11                      32
================================================================================
[2025-11-08T23:37:30.127+0000] {manager.py:483} INFO - Processing files using up to 2 processes at a time 
[2025-11-08T23:37:30.129+0000] {manager.py:484} INFO - Process each file at most once every 30 seconds
[2025-11-08T23:37:30.129+0000] {manager.py:485} INFO - Checking for new files in /opt/airflow/projects/main_pipe/dags every 300 seconds
[2025-11-08T23:37:30.129+0000] {manager.py:821} INFO - Searching for files in /opt/airflow/projects/main_pipe/dags
[2025-11-08T23:37:30.133+0000] {manager.py:824} INFO - There are 1 files in /opt/airflow/projects/main_pipe/dags
[2025-11-08T23:37:42.350+0000] {manager.py:997} INFO - 
================================================================================
DAG File Processing Stats

File Path                                          PID    Runtime      # DAGs    # Errors  Last Runtime    Last Run               Last # of DB Queries
-------------------------------------------------  -----  ---------  --------  ----------  --------------  -------------------  ----------------------
/opt/airflow/projects/main_pipe/dags/test_pipe.py                           1           0  0.33s           2025-11-08T23:37:30                      32
================================================================================
[2025-11-08T23:38:12.791+0000] {manager.py:997} INFO - 
================================================================================
DAG File Processing Stats

File Path                                          PID    Runtime      # DAGs    # Errors  Last Runtime    Last Run               Last # of DB Queries
-------------------------------------------------  -----  ---------  --------  ----------  --------------  -------------------  ----------------------
/opt/airflow/projects/main_pipe/dags/test_pipe.py                           1           0  0.23s           2025-11-08T23:38:00                      32
================================================================================
[2025-11-08T23:38:43.058+0000] {manager.py:997} INFO - 
================================================================================
DAG File Processing Stats

File Path                                          PID    Runtime      # DAGs    # Errors  Last Runtime    Last Run               Last # of DB Queries
-------------------------------------------------  -----  ---------  --------  ----------  --------------  -------------------  ----------------------
/opt/airflow/projects/main_pipe/dags/test_pipe.py                           1           0  0.22s           2025-11-08T23:38:31                      32
================================================================================
[2025-11-08T23:39:13.461+0000] {manager.py:997} INFO - 
================================================================================
DAG File Processing Stats

File Path                                          PID    Runtime      # DAGs    # Errors  Last Runtime    Last Run               Last # of DB Queries
-------------------------------------------------  -----  ---------  --------  ----------  --------------  -------------------  ----------------------
/opt/airflow/projects/main_pipe/dags/test_pipe.py                           1           0  0.21s           2025-11-08T23:39:01                      32
================================================================================
[2025-11-08T23:39:43.743+0000] {manager.py:997} INFO - 
================================================================================
DAG File Processing Stats

File Path                                          PID    Runtime      # DAGs    # Errors  Last Runtime    Last Run               Last # of DB Queries
-------------------------------------------------  -----  ---------  --------  ----------  --------------  -------------------  ----------------------
/opt/airflow/projects/main_pipe/dags/test_pipe.py                           1           0  0.20s           2025-11-08T23:39:31                      32
================================================================================
[2025-11-08T23:40:14.120+0000] {manager.py:997} INFO - 
================================================================================
DAG File Processing Stats

File Path                                          PID    Runtime      # DAGs    # Errors  Last Runtime    Last Run               Last # of DB Queries
-------------------------------------------------  -----  ---------  --------  ----------  --------------  -------------------  ----------------------
/opt/airflow/projects/main_pipe/dags/test_pipe.py                           1           0  0.22s           2025-11-08T23:40:02                      32
================================================================================
[2025-11-08T23:40:44.406+0000] {manager.py:997} INFO - 
================================================================================
DAG File Processing Stats

File Path                                          PID    Runtime      # DAGs    # Errors  Last Runtime    Last Run               Last # of DB Queries
-------------------------------------------------  -----  ---------  --------  ----------  --------------  -------------------  ----------------------
/opt/airflow/projects/main_pipe/dags/test_pipe.py                           1           0  0.24s           2025-11-08T23:40:32                      32
================================================================================
[2025-11-08T23:41:14.791+0000] {manager.py:997} INFO - 
================================================================================
DAG File Processing Stats

File Path                                          PID    Runtime      # DAGs    # Errors  Last Runtime    Last Run               Last # of DB Queries
-------------------------------------------------  -----  ---------  --------  ----------  --------------  -------------------  ----------------------
/opt/airflow/projects/main_pipe/dags/test_pipe.py                           1           0  0.22s           2025-11-08T23:41:02                      32
================================================================================
[2025-11-08T23:41:25.809+0000] {manager.py:465} INFO - Exiting gracefully upon receiving signal 15
[2025-11-08T23:45:10.723+0000] {manager.py:483} INFO - Processing files using up to 2 processes at a time 
[2025-11-08T23:45:10.724+0000] {manager.py:484} INFO - Process each file at most once every 30 seconds
[2025-11-08T23:45:10.725+0000] {manager.py:485} INFO - Checking for new files in /opt/airflow/projects/main_pipe/dags every 300 seconds
[2025-11-08T23:45:10.725+0000] {manager.py:821} INFO - Searching for files in /opt/airflow/projects/main_pipe/dags
[2025-11-08T23:45:10.726+0000] {manager.py:824} INFO - There are 1 files in /opt/airflow/projects/main_pipe/dags
[2025-11-08T23:45:10.827+0000] {manager.py:997} INFO - 
================================================================================
DAG File Processing Stats

File Path                                            PID  Runtime      # DAGs    # Errors  Last Runtime    Last Run      Last # of DB Queries
-------------------------------------------------  -----  ---------  --------  ----------  --------------  ----------  ----------------------
/opt/airflow/projects/main_pipe/dags/test_pipe.py     31  0.06s             0           0                                                   0
================================================================================
[2025-11-08T23:45:41.032+0000] {manager.py:997} INFO - 
================================================================================
DAG File Processing Stats

File Path                                          PID    Runtime      # DAGs    # Errors  Last Runtime    Last Run               Last # of DB Queries
-------------------------------------------------  -----  ---------  --------  ----------  --------------  -------------------  ----------------------
/opt/airflow/projects/main_pipe/dags/test_pipe.py                           1           0  0.42s           2025-11-08T23:45:11                      32
================================================================================
[2025-11-08T23:46:11.685+0000] {manager.py:997} INFO - 
================================================================================
DAG File Processing Stats

File Path                                            PID  Runtime      # DAGs    # Errors  Last Runtime    Last Run               Last # of DB Queries
-------------------------------------------------  -----  ---------  --------  ----------  --------------  -------------------  ----------------------
/opt/airflow/projects/main_pipe/dags/test_pipe.py     33  0.01s             1           0  0.23s           2025-11-08T23:45:41                      32
================================================================================
[2025-11-08T23:46:42.122+0000] {manager.py:997} INFO - 
================================================================================
DAG File Processing Stats

File Path                                            PID  Runtime      # DAGs    # Errors  Last Runtime    Last Run               Last # of DB Queries
-------------------------------------------------  -----  ---------  --------  ----------  --------------  -------------------  ----------------------
/opt/airflow/projects/main_pipe/dags/test_pipe.py     34  0.01s             1           0  0.23s           2025-11-08T23:46:11                      32
================================================================================
[2025-11-08T23:47:12.389+0000] {manager.py:997} INFO - 
================================================================================
DAG File Processing Stats

File Path                                            PID  Runtime      # DAGs    # Errors  Last Runtime    Last Run               Last # of DB Queries
-------------------------------------------------  -----  ---------  --------  ----------  --------------  -------------------  ----------------------
/opt/airflow/projects/main_pipe/dags/test_pipe.py     35  0.01s             1           0  0.25s           2025-11-08T23:46:42                      32
================================================================================
[2025-11-08T23:47:42.863+0000] {manager.py:997} INFO - 
================================================================================
DAG File Processing Stats

File Path                                            PID  Runtime      # DAGs    # Errors  Last Runtime    Last Run               Last # of DB Queries
-------------------------------------------------  -----  ---------  --------  ----------  --------------  -------------------  ----------------------
/opt/airflow/projects/main_pipe/dags/test_pipe.py     36  0.01s             1           0  0.22s           2025-11-08T23:47:12                      32
================================================================================
[2025-11-08T23:48:13.155+0000] {manager.py:997} INFO - 
================================================================================
DAG File Processing Stats

File Path                                            PID  Runtime      # DAGs    # Errors  Last Runtime    Last Run               Last # of DB Queries
-------------------------------------------------  -----  ---------  --------  ----------  --------------  -------------------  ----------------------
/opt/airflow/projects/main_pipe/dags/test_pipe.py     37  0.01s             1           0  0.21s           2025-11-08T23:47:43                      32
================================================================================
[2025-11-08T23:48:43.545+0000] {manager.py:997} INFO - 
================================================================================
DAG File Processing Stats

File Path                                            PID  Runtime      # DAGs    # Errors  Last Runtime    Last Run               Last # of DB Queries
-------------------------------------------------  -----  ---------  --------  ----------  --------------  -------------------  ----------------------
/opt/airflow/projects/main_pipe/dags/test_pipe.py     38  0.01s             1           0  0.21s           2025-11-08T23:48:13                      32
================================================================================
[2025-11-08T23:49:13.832+0000] {manager.py:997} INFO - 
================================================================================
DAG File Processing Stats

File Path                                            PID  Runtime      # DAGs    # Errors  Last Runtime    Last Run               Last # of DB Queries
-------------------------------------------------  -----  ---------  --------  ----------  --------------  -------------------  ----------------------
/opt/airflow/projects/main_pipe/dags/test_pipe.py     39  0.01s             1           0  0.25s           2025-11-08T23:48:43                      32
================================================================================
[2025-11-08T23:49:44.272+0000] {manager.py:997} INFO - 
================================================================================
DAG File Processing Stats

File Path                                            PID  Runtime      # DAGs    # Errors  Last Runtime    Last Run               Last # of DB Queries
-------------------------------------------------  -----  ---------  --------  ----------  --------------  -------------------  ----------------------
/opt/airflow/projects/main_pipe/dags/test_pipe.py     40  0.01s             1           0  0.22s           2025-11-08T23:49:14                      32
================================================================================
[2025-11-08T23:50:11.507+0000] {manager.py:821} INFO - Searching for files in /opt/airflow/projects/main_pipe/dags
[2025-11-08T23:50:11.509+0000] {manager.py:824} INFO - There are 1 files in /opt/airflow/projects/main_pipe/dags
[2025-11-08T23:50:14.556+0000] {manager.py:997} INFO - 
================================================================================
DAG File Processing Stats

File Path                                            PID  Runtime      # DAGs    # Errors  Last Runtime    Last Run               Last # of DB Queries
-------------------------------------------------  -----  ---------  --------  ----------  --------------  -------------------  ----------------------
/opt/airflow/projects/main_pipe/dags/test_pipe.py     41  0.01s             1           0  0.21s           2025-11-08T23:49:44                      32
================================================================================
[2025-11-08T23:50:44.948+0000] {manager.py:997} INFO - 
================================================================================
DAG File Processing Stats

File Path                                            PID  Runtime      # DAGs    # Errors  Last Runtime    Last Run               Last # of DB Queries
-------------------------------------------------  -----  ---------  --------  ----------  --------------  -------------------  ----------------------
/opt/airflow/projects/main_pipe/dags/test_pipe.py     42  0.01s             1           0  0.20s           2025-11-08T23:50:14                      32
================================================================================
[2025-11-08T23:51:15.235+0000] {manager.py:997} INFO - 
================================================================================
DAG File Processing Stats

File Path                                            PID  Runtime      # DAGs    # Errors  Last Runtime    Last Run               Last # of DB Queries
-------------------------------------------------  -----  ---------  --------  ----------  --------------  -------------------  ----------------------
/opt/airflow/projects/main_pipe/dags/test_pipe.py     43  0.01s             1           0  0.22s           2025-11-08T23:50:45                      32
================================================================================
[2025-11-08T23:51:45.647+0000] {manager.py:997} INFO - 
================================================================================
DAG File Processing Stats

File Path                                            PID  Runtime      # DAGs    # Errors  Last Runtime    Last Run               Last # of DB Queries
-------------------------------------------------  -----  ---------  --------  ----------  --------------  -------------------  ----------------------
/opt/airflow/projects/main_pipe/dags/test_pipe.py     44  0.01s             1           0  0.21s           2025-11-08T23:51:15                      32
================================================================================
[2025-11-08T23:52:15.959+0000] {manager.py:997} INFO - 
================================================================================
DAG File Processing Stats

File Path                                            PID  Runtime      # DAGs    # Errors  Last Runtime    Last Run               Last # of DB Queries
-------------------------------------------------  -----  ---------  --------  ----------  --------------  -------------------  ----------------------
/opt/airflow/projects/main_pipe/dags/test_pipe.py     45  0.01s             1           0  0.21s           2025-11-08T23:51:45                      32
================================================================================
[2025-11-08T23:52:46.335+0000] {manager.py:997} INFO - 
================================================================================
DAG File Processing Stats

File Path                                            PID  Runtime      # DAGs    # Errors  Last Runtime    Last Run               Last # of DB Queries
-------------------------------------------------  -----  ---------  --------  ----------  --------------  -------------------  ----------------------
/opt/airflow/projects/main_pipe/dags/test_pipe.py     46  0.01s             1           0  0.30s           2025-11-08T23:52:16                      32
================================================================================
[2025-11-08T23:53:16.315+0000] {manager.py:465} INFO - Exiting gracefully upon receiving signal 15
[2025-11-09T00:21:40.862+0000] {manager.py:483} INFO - Processing files using up to 2 processes at a time 
[2025-11-09T00:21:40.864+0000] {manager.py:484} INFO - Process each file at most once every 30 seconds
[2025-11-09T00:21:40.864+0000] {manager.py:485} INFO - Checking for new files in /opt/airflow/projects/main_pipe/dags every 300 seconds
[2025-11-09T00:21:40.864+0000] {manager.py:821} INFO - Searching for files in /opt/airflow/projects/main_pipe/dags
[2025-11-09T00:21:40.865+0000] {manager.py:824} INFO - There are 0 files in /opt/airflow/projects/main_pipe/dags
[2025-11-09T00:26:41.556+0000] {manager.py:821} INFO - Searching for files in /opt/airflow/projects/main_pipe/dags
[2025-11-09T00:26:41.557+0000] {manager.py:824} INFO - There are 0 files in /opt/airflow/projects/main_pipe/dags
[2025-11-09T00:31:25.518+0000] {manager.py:465} INFO - Exiting gracefully upon receiving signal 15
[2025-11-09T00:32:40.432+0000] {manager.py:483} INFO - Processing files using up to 2 processes at a time 
[2025-11-09T00:32:40.434+0000] {manager.py:484} INFO - Process each file at most once every 30 seconds
[2025-11-09T00:32:40.434+0000] {manager.py:485} INFO - Checking for new files in /opt/airflow/projects/main_pipe/dags every 300 seconds
[2025-11-09T00:32:40.434+0000] {manager.py:821} INFO - Searching for files in /opt/airflow/projects/main_pipe/dags
[2025-11-09T00:32:40.435+0000] {manager.py:824} INFO - There are 0 files in /opt/airflow/projects/main_pipe/dags
[2025-11-09T00:32:57.098+0000] {manager.py:465} INFO - Exiting gracefully upon receiving signal 15
[2025-11-09T00:34:45.560+0000] {manager.py:483} INFO - Processing files using up to 2 processes at a time 
[2025-11-09T00:34:45.561+0000] {manager.py:484} INFO - Process each file at most once every 30 seconds
[2025-11-09T00:34:45.562+0000] {manager.py:485} INFO - Checking for new files in /opt/airflow/projects/main_pipe/dags every 300 seconds
[2025-11-09T00:34:45.562+0000] {manager.py:821} INFO - Searching for files in /opt/airflow/projects/main_pipe/dags
[2025-11-09T00:34:45.563+0000] {manager.py:824} INFO - There are 0 files in /opt/airflow/projects/main_pipe/dags
[2025-11-09T00:36:18.254+0000] {manager.py:465} INFO - Exiting gracefully upon receiving signal 15
[2025-11-09T00:38:48.518+0000] {manager.py:483} INFO - Processing files using up to 2 processes at a time 
[2025-11-09T00:38:48.520+0000] {manager.py:484} INFO - Process each file at most once every 30 seconds
[2025-11-09T00:38:48.520+0000] {manager.py:485} INFO - Checking for new files in /opt/airflow/projects/main_pipe/dags every 300 seconds
[2025-11-09T00:38:48.520+0000] {manager.py:821} INFO - Searching for files in /opt/airflow/projects/main_pipe/dags
[2025-11-09T00:38:48.522+0000] {manager.py:824} INFO - There are 1 files in /opt/airflow/projects/main_pipe/dags
[2025-11-09T00:38:48.604+0000] {manager.py:997} INFO - 
================================================================================
DAG File Processing Stats

File Path                                            PID  Runtime      # DAGs    # Errors  Last Runtime    Last Run      Last # of DB Queries
-------------------------------------------------  -----  ---------  --------  ----------  --------------  ----------  ----------------------
/opt/airflow/projects/main_pipe/dags/test_pipe.py     31  0.05s             0           0                                                   0
================================================================================
[2025-11-09T00:39:18.803+0000] {manager.py:997} INFO - 
================================================================================
DAG File Processing Stats

File Path                                          PID    Runtime      # DAGs    # Errors  Last Runtime    Last Run               Last # of DB Queries
-------------------------------------------------  -----  ---------  --------  ----------  --------------  -------------------  ----------------------
/opt/airflow/projects/main_pipe/dags/test_pipe.py                           1           0  0.46s           2025-11-09T00:38:49                      43
================================================================================
[2025-11-09T00:39:49.539+0000] {manager.py:997} INFO - 
================================================================================
DAG File Processing Stats

File Path                                            PID  Runtime      # DAGs    # Errors  Last Runtime    Last Run               Last # of DB Queries
-------------------------------------------------  -----  ---------  --------  ----------  --------------  -------------------  ----------------------
/opt/airflow/projects/main_pipe/dags/test_pipe.py     33  0.01s             1           0  0.24s           2025-11-09T00:39:19                      32
================================================================================
[2025-11-09T00:40:19.967+0000] {manager.py:997} INFO - 
================================================================================
DAG File Processing Stats

File Path                                            PID  Runtime      # DAGs    # Errors  Last Runtime    Last Run               Last # of DB Queries
-------------------------------------------------  -----  ---------  --------  ----------  --------------  -------------------  ----------------------
/opt/airflow/projects/main_pipe/dags/test_pipe.py     34  0.01s             1           0  0.22s           2025-11-09T00:39:49                      32
================================================================================
[2025-11-09T00:40:50.234+0000] {manager.py:997} INFO - 
================================================================================
DAG File Processing Stats

File Path                                            PID  Runtime      # DAGs    # Errors  Last Runtime    Last Run               Last # of DB Queries
-------------------------------------------------  -----  ---------  --------  ----------  --------------  -------------------  ----------------------
/opt/airflow/projects/main_pipe/dags/test_pipe.py     35  0.01s             1           0  0.21s           2025-11-09T00:40:20                      32
================================================================================
[2025-11-09T00:41:20.626+0000] {manager.py:997} INFO - 
================================================================================
DAG File Processing Stats

File Path                                            PID  Runtime      # DAGs    # Errors  Last Runtime    Last Run               Last # of DB Queries
-------------------------------------------------  -----  ---------  --------  ----------  --------------  -------------------  ----------------------
/opt/airflow/projects/main_pipe/dags/test_pipe.py     36  0.01s             1           0  0.22s           2025-11-09T00:40:50                      32
================================================================================
[2025-11-09T00:41:50.902+0000] {manager.py:997} INFO - 
================================================================================
DAG File Processing Stats

File Path                                            PID  Runtime      # DAGs    # Errors  Last Runtime    Last Run               Last # of DB Queries
-------------------------------------------------  -----  ---------  --------  ----------  --------------  -------------------  ----------------------
/opt/airflow/projects/main_pipe/dags/test_pipe.py     37  0.01s             1           0  0.24s           2025-11-09T00:41:20                      32
================================================================================
[2025-11-09T00:41:54.212+0000] {manager.py:465} INFO - Exiting gracefully upon receiving signal 15
[2025-11-09T00:43:31.013+0000] {manager.py:483} INFO - Processing files using up to 2 processes at a time 
[2025-11-09T00:43:31.014+0000] {manager.py:484} INFO - Process each file at most once every 30 seconds
[2025-11-09T00:43:31.014+0000] {manager.py:485} INFO - Checking for new files in /opt/airflow/projects/main_pipe/dags every 300 seconds
[2025-11-09T00:43:31.015+0000] {manager.py:821} INFO - Searching for files in /opt/airflow/projects/main_pipe/dags
[2025-11-09T00:43:31.016+0000] {manager.py:824} INFO - There are 1 files in /opt/airflow/projects/main_pipe/dags
[2025-11-09T00:43:31.106+0000] {manager.py:997} INFO - 
================================================================================
DAG File Processing Stats

File Path                                            PID  Runtime      # DAGs    # Errors  Last Runtime    Last Run      Last # of DB Queries
-------------------------------------------------  -----  ---------  --------  ----------  --------------  ----------  ----------------------
/opt/airflow/projects/main_pipe/dags/test_pipe.py     31  0.05s             0           0                                                   0
================================================================================
[2025-11-09T00:44:01.311+0000] {manager.py:997} INFO - 
================================================================================
DAG File Processing Stats

File Path                                          PID    Runtime      # DAGs    # Errors  Last Runtime    Last Run               Last # of DB Queries
-------------------------------------------------  -----  ---------  --------  ----------  --------------  -------------------  ----------------------
/opt/airflow/projects/main_pipe/dags/test_pipe.py                           1           0  0.44s           2025-11-09T00:43:31                      43
================================================================================
[2025-11-09T00:44:20.646+0000] {manager.py:465} INFO - Exiting gracefully upon receiving signal 15
[2025-11-09T00:45:17.406+0000] {manager.py:483} INFO - Processing files using up to 2 processes at a time 
[2025-11-09T00:45:17.407+0000] {manager.py:484} INFO - Process each file at most once every 30 seconds
[2025-11-09T00:45:17.407+0000] {manager.py:485} INFO - Checking for new files in /opt/airflow/projects/main_pipe/dags every 300 seconds
[2025-11-09T00:45:17.408+0000] {manager.py:821} INFO - Searching for files in /opt/airflow/projects/main_pipe/dags
[2025-11-09T00:45:17.409+0000] {manager.py:824} INFO - There are 1 files in /opt/airflow/projects/main_pipe/dags
[2025-11-09T00:45:17.498+0000] {manager.py:997} INFO - 
================================================================================
DAG File Processing Stats

File Path                                            PID  Runtime      # DAGs    # Errors  Last Runtime    Last Run      Last # of DB Queries
-------------------------------------------------  -----  ---------  --------  ----------  --------------  ----------  ----------------------
/opt/airflow/projects/main_pipe/dags/test_pipe.py     31  0.05s             0           0                                                   0
================================================================================
[2025-11-09T00:45:47.707+0000] {manager.py:997} INFO - 
================================================================================
DAG File Processing Stats

File Path                                          PID    Runtime      # DAGs    # Errors  Last Runtime    Last Run               Last # of DB Queries
-------------------------------------------------  -----  ---------  --------  ----------  --------------  -------------------  ----------------------
/opt/airflow/projects/main_pipe/dags/test_pipe.py                           1           0  0.44s           2025-11-09T00:45:17                      32
================================================================================
[2025-11-09T00:46:18.400+0000] {manager.py:997} INFO - 
================================================================================
DAG File Processing Stats

File Path                                            PID  Runtime      # DAGs    # Errors  Last Runtime    Last Run               Last # of DB Queries
-------------------------------------------------  -----  ---------  --------  ----------  --------------  -------------------  ----------------------
/opt/airflow/projects/main_pipe/dags/test_pipe.py     33  0.01s             1           0  0.23s           2025-11-09T00:45:48                      32
================================================================================
[2025-11-09T00:46:19.431+0000] {manager.py:465} INFO - Exiting gracefully upon receiving signal 15
[2025-11-09T00:47:26.311+0000] {manager.py:483} INFO - Processing files using up to 2 processes at a time 
[2025-11-09T00:47:26.313+0000] {manager.py:484} INFO - Process each file at most once every 30 seconds
[2025-11-09T00:47:26.313+0000] {manager.py:485} INFO - Checking for new files in /opt/airflow/projects/main_pipe/dags every 300 seconds
[2025-11-09T00:47:26.314+0000] {manager.py:821} INFO - Searching for files in /opt/airflow/projects/main_pipe/dags
[2025-11-09T00:47:26.316+0000] {manager.py:824} INFO - There are 1 files in /opt/airflow/projects/main_pipe/dags
[2025-11-09T00:47:26.411+0000] {manager.py:997} INFO - 
================================================================================
DAG File Processing Stats

File Path                                            PID  Runtime      # DAGs    # Errors  Last Runtime    Last Run      Last # of DB Queries
-------------------------------------------------  -----  ---------  --------  ----------  --------------  ----------  ----------------------
/opt/airflow/projects/main_pipe/dags/test_pipe.py     31  0.05s             0           0                                                   0
================================================================================
[2025-11-09T00:47:32.270+0000] {manager.py:465} INFO - Exiting gracefully upon receiving signal 15
[2025-11-09T00:48:42.521+0000] {manager.py:483} INFO - Processing files using up to 2 processes at a time 
[2025-11-09T00:48:42.522+0000] {manager.py:484} INFO - Process each file at most once every 30 seconds
[2025-11-09T00:48:42.523+0000] {manager.py:485} INFO - Checking for new files in /opt/airflow/projects/main_pipe/dags every 300 seconds
[2025-11-09T00:48:42.523+0000] {manager.py:821} INFO - Searching for files in /opt/airflow/projects/main_pipe/dags
[2025-11-09T00:48:42.524+0000] {manager.py:824} INFO - There are 1 files in /opt/airflow/projects/main_pipe/dags
[2025-11-09T00:48:42.621+0000] {manager.py:997} INFO - 
================================================================================
DAG File Processing Stats

File Path                                            PID  Runtime      # DAGs    # Errors  Last Runtime    Last Run      Last # of DB Queries
-------------------------------------------------  -----  ---------  --------  ----------  --------------  ----------  ----------------------
/opt/airflow/projects/main_pipe/dags/test_pipe.py     31  0.05s             0           0                                                   0
================================================================================
[2025-11-09T00:49:12.826+0000] {manager.py:997} INFO - 
================================================================================
DAG File Processing Stats

File Path                                          PID    Runtime      # DAGs    # Errors  Last Runtime    Last Run               Last # of DB Queries
-------------------------------------------------  -----  ---------  --------  ----------  --------------  -------------------  ----------------------
/opt/airflow/projects/main_pipe/dags/test_pipe.py                           1           0  0.41s           2025-11-09T00:48:42                      32
================================================================================
[2025-11-09T00:49:40.309+0000] {manager.py:465} INFO - Exiting gracefully upon receiving signal 15
[2025-11-09T00:50:35.068+0000] {manager.py:483} INFO - Processing files using up to 2 processes at a time 
[2025-11-09T00:50:35.069+0000] {manager.py:484} INFO - Process each file at most once every 30 seconds
[2025-11-09T00:50:35.069+0000] {manager.py:485} INFO - Checking for new files in /opt/airflow/projects/main_pipe/dags every 300 seconds
[2025-11-09T00:50:35.069+0000] {manager.py:821} INFO - Searching for files in /opt/airflow/projects/main_pipe/dags
[2025-11-09T00:50:35.071+0000] {manager.py:824} INFO - There are 1 files in /opt/airflow/projects/main_pipe/dags
[2025-11-09T00:50:35.156+0000] {manager.py:997} INFO - 
================================================================================
DAG File Processing Stats

File Path                                            PID  Runtime      # DAGs    # Errors  Last Runtime    Last Run      Last # of DB Queries
-------------------------------------------------  -----  ---------  --------  ----------  --------------  ----------  ----------------------
/opt/airflow/projects/main_pipe/dags/test_pipe.py     31  0.05s             0           0                                                   0
================================================================================
[2025-11-09T00:51:05.353+0000] {manager.py:997} INFO - 
================================================================================
DAG File Processing Stats

File Path                                          PID    Runtime      # DAGs    # Errors  Last Runtime    Last Run               Last # of DB Queries
-------------------------------------------------  -----  ---------  --------  ----------  --------------  -------------------  ----------------------
/opt/airflow/projects/main_pipe/dags/test_pipe.py                           1           0  0.38s           2025-11-09T00:50:35                      32
================================================================================
[2025-11-09T00:51:36.000+0000] {manager.py:997} INFO - 
================================================================================
DAG File Processing Stats

File Path                                            PID  Runtime      # DAGs    # Errors  Last Runtime    Last Run               Last # of DB Queries
-------------------------------------------------  -----  ---------  --------  ----------  --------------  -------------------  ----------------------
/opt/airflow/projects/main_pipe/dags/test_pipe.py     33  0.01s             1           0  0.21s           2025-11-09T00:51:05                      32
================================================================================
[2025-11-09T00:52:06.390+0000] {manager.py:997} INFO - 
================================================================================
DAG File Processing Stats

File Path                                            PID  Runtime      # DAGs    # Errors  Last Runtime    Last Run               Last # of DB Queries
-------------------------------------------------  -----  ---------  --------  ----------  --------------  -------------------  ----------------------
/opt/airflow/projects/main_pipe/dags/test_pipe.py     34  0.01s             1           0  0.22s           2025-11-09T00:51:36                      32
================================================================================
[2025-11-09T00:52:36.656+0000] {manager.py:997} INFO - 
================================================================================
DAG File Processing Stats

File Path                                            PID  Runtime      # DAGs    # Errors  Last Runtime    Last Run               Last # of DB Queries
-------------------------------------------------  -----  ---------  --------  ----------  --------------  -------------------  ----------------------
/opt/airflow/projects/main_pipe/dags/test_pipe.py     35  0.01s             1           0  0.21s           2025-11-09T00:52:06                      32
================================================================================
[2025-11-09T00:53:07.039+0000] {manager.py:997} INFO - 
================================================================================
DAG File Processing Stats

File Path                                            PID  Runtime      # DAGs    # Errors  Last Runtime    Last Run               Last # of DB Queries
-------------------------------------------------  -----  ---------  --------  ----------  --------------  -------------------  ----------------------
/opt/airflow/projects/main_pipe/dags/test_pipe.py     36  0.01s             1           0  0.22s           2025-11-09T00:52:36                      32
================================================================================
[2025-11-09T00:53:37.316+0000] {manager.py:997} INFO - 
================================================================================
DAG File Processing Stats

File Path                                            PID  Runtime      # DAGs    # Errors  Last Runtime    Last Run               Last # of DB Queries
-------------------------------------------------  -----  ---------  --------  ----------  --------------  -------------------  ----------------------
/opt/airflow/projects/main_pipe/dags/test_pipe.py     37  0.01s             1           0  0.22s           2025-11-09T00:53:07                      32
================================================================================
[2025-11-09T00:54:07.708+0000] {manager.py:997} INFO - 
================================================================================
DAG File Processing Stats

File Path                                            PID  Runtime      # DAGs    # Errors  Last Runtime    Last Run               Last # of DB Queries
-------------------------------------------------  -----  ---------  --------  ----------  --------------  -------------------  ----------------------
/opt/airflow/projects/main_pipe/dags/test_pipe.py     38  0.01s             1           0  0.20s           2025-11-09T00:53:37                      32
================================================================================
[2025-11-09T00:54:37.984+0000] {manager.py:997} INFO - 
================================================================================
DAG File Processing Stats

File Path                                            PID  Runtime      # DAGs    # Errors  Last Runtime    Last Run               Last # of DB Queries
-------------------------------------------------  -----  ---------  --------  ----------  --------------  -------------------  ----------------------
/opt/airflow/projects/main_pipe/dags/test_pipe.py     39  0.01s             1           0  0.20s           2025-11-09T00:54:07                      32
================================================================================
[2025-11-09T00:55:08.350+0000] {manager.py:997} INFO - 
================================================================================
DAG File Processing Stats

File Path                                            PID  Runtime      # DAGs    # Errors  Last Runtime    Last Run               Last # of DB Queries
-------------------------------------------------  -----  ---------  --------  ----------  --------------  -------------------  ----------------------
/opt/airflow/projects/main_pipe/dags/test_pipe.py     40  0.01s             1           0  0.22s           2025-11-09T00:54:38                      32
================================================================================
[2025-11-09T00:55:35.598+0000] {manager.py:821} INFO - Searching for files in /opt/airflow/projects/main_pipe/dags
[2025-11-09T00:55:35.599+0000] {manager.py:824} INFO - There are 1 files in /opt/airflow/projects/main_pipe/dags
[2025-11-09T00:55:38.645+0000] {manager.py:997} INFO - 
================================================================================
DAG File Processing Stats

File Path                                            PID  Runtime      # DAGs    # Errors  Last Runtime    Last Run               Last # of DB Queries
-------------------------------------------------  -----  ---------  --------  ----------  --------------  -------------------  ----------------------
/opt/airflow/projects/main_pipe/dags/test_pipe.py     41  0.01s             1           0  0.21s           2025-11-09T00:55:08                      32
================================================================================
[2025-11-09T00:56:09.010+0000] {manager.py:997} INFO - 
================================================================================
DAG File Processing Stats

File Path                                            PID  Runtime      # DAGs    # Errors  Last Runtime    Last Run               Last # of DB Queries
-------------------------------------------------  -----  ---------  --------  ----------  --------------  -------------------  ----------------------
/opt/airflow/projects/main_pipe/dags/test_pipe.py     42  0.01s             1           0  0.21s           2025-11-09T00:55:38                      32
================================================================================
[2025-11-09T00:56:39.309+0000] {manager.py:997} INFO - 
================================================================================
DAG File Processing Stats

File Path                                            PID  Runtime      # DAGs    # Errors  Last Runtime    Last Run               Last # of DB Queries
-------------------------------------------------  -----  ---------  --------  ----------  --------------  -------------------  ----------------------
/opt/airflow/projects/main_pipe/dags/test_pipe.py     43  0.01s             1           0  0.21s           2025-11-09T00:56:09                      32
================================================================================
[2025-11-09T00:57:09.681+0000] {manager.py:997} INFO - 
================================================================================
DAG File Processing Stats

File Path                                            PID  Runtime      # DAGs    # Errors  Last Runtime    Last Run               Last # of DB Queries
-------------------------------------------------  -----  ---------  --------  ----------  --------------  -------------------  ----------------------
/opt/airflow/projects/main_pipe/dags/test_pipe.py     44  0.01s             1           0  0.22s           2025-11-09T00:56:39                      32
================================================================================
[2025-11-09T00:57:39.988+0000] {manager.py:997} INFO - 
================================================================================
DAG File Processing Stats

File Path                                            PID  Runtime      # DAGs    # Errors  Last Runtime    Last Run               Last # of DB Queries
-------------------------------------------------  -----  ---------  --------  ----------  --------------  -------------------  ----------------------
/opt/airflow/projects/main_pipe/dags/test_pipe.py     45  0.01s             1           0  0.21s           2025-11-09T00:57:09                      32
================================================================================
[2025-11-09T00:58:10.355+0000] {manager.py:997} INFO - 
================================================================================
DAG File Processing Stats

File Path                                            PID  Runtime      # DAGs    # Errors  Last Runtime    Last Run               Last # of DB Queries
-------------------------------------------------  -----  ---------  --------  ----------  --------------  -------------------  ----------------------
/opt/airflow/projects/main_pipe/dags/test_pipe.py     46  0.01s             1           0  0.21s           2025-11-09T00:57:40                      32
================================================================================
[2025-11-09T00:58:40.636+0000] {manager.py:997} INFO - 
================================================================================
DAG File Processing Stats

File Path                                            PID  Runtime      # DAGs    # Errors  Last Runtime    Last Run               Last # of DB Queries
-------------------------------------------------  -----  ---------  --------  ----------  --------------  -------------------  ----------------------
/opt/airflow/projects/main_pipe/dags/test_pipe.py     47  0.01s             1           0  0.22s           2025-11-09T00:58:10                      32
================================================================================
[2025-11-09T00:59:11.029+0000] {manager.py:997} INFO - 
================================================================================
DAG File Processing Stats

File Path                                            PID  Runtime      # DAGs    # Errors  Last Runtime    Last Run               Last # of DB Queries
-------------------------------------------------  -----  ---------  --------  ----------  --------------  -------------------  ----------------------
/opt/airflow/projects/main_pipe/dags/test_pipe.py     48  0.01s             1           0  0.22s           2025-11-09T00:58:40                      32
================================================================================
[2025-11-09T00:59:41.301+0000] {manager.py:997} INFO - 
================================================================================
DAG File Processing Stats

File Path                                            PID  Runtime      # DAGs    # Errors  Last Runtime    Last Run               Last # of DB Queries
-------------------------------------------------  -----  ---------  --------  ----------  --------------  -------------------  ----------------------
/opt/airflow/projects/main_pipe/dags/test_pipe.py     49  0.01s             1           0  0.21s           2025-11-09T00:59:11                      32
================================================================================
[2025-11-09T01:00:11.696+0000] {manager.py:997} INFO - 
================================================================================
DAG File Processing Stats

File Path                                            PID  Runtime      # DAGs    # Errors  Last Runtime    Last Run               Last # of DB Queries
-------------------------------------------------  -----  ---------  --------  ----------  --------------  -------------------  ----------------------
/opt/airflow/projects/main_pipe/dags/test_pipe.py     50  0.01s             1           0  0.23s           2025-11-09T00:59:41                      32
================================================================================
[2025-11-09T01:00:35.933+0000] {manager.py:821} INFO - Searching for files in /opt/airflow/projects/main_pipe/dags
[2025-11-09T01:00:35.934+0000] {manager.py:824} INFO - There are 1 files in /opt/airflow/projects/main_pipe/dags
[2025-11-09T01:00:35.947+0000] {manager.py:465} INFO - Exiting gracefully upon receiving signal 15
[2025-11-09T01:01:50.016+0000] {manager.py:483} INFO - Processing files using up to 2 processes at a time 
[2025-11-09T01:01:50.017+0000] {manager.py:484} INFO - Process each file at most once every 30 seconds
[2025-11-09T01:01:50.017+0000] {manager.py:485} INFO - Checking for new files in /opt/airflow/projects/main_pipe/dags every 300 seconds
[2025-11-09T01:01:50.017+0000] {manager.py:821} INFO - Searching for files in /opt/airflow/projects/main_pipe/dags
[2025-11-09T01:01:50.019+0000] {manager.py:824} INFO - There are 1 files in /opt/airflow/projects/main_pipe/dags
[2025-11-09T01:01:50.100+0000] {manager.py:997} INFO - 
================================================================================
DAG File Processing Stats

File Path                                            PID  Runtime      # DAGs    # Errors  Last Runtime    Last Run      Last # of DB Queries
-------------------------------------------------  -----  ---------  --------  ----------  --------------  ----------  ----------------------
/opt/airflow/projects/main_pipe/dags/test_pipe.py     31  0.04s             0           0                                                   0
================================================================================
[2025-11-09T01:02:20.314+0000] {manager.py:997} INFO - 
================================================================================
DAG File Processing Stats

File Path                                          PID    Runtime      # DAGs    # Errors  Last Runtime    Last Run               Last # of DB Queries
-------------------------------------------------  -----  ---------  --------  ----------  --------------  -------------------  ----------------------
/opt/airflow/projects/main_pipe/dags/test_pipe.py                           1           0  0.43s           2025-11-09T01:01:50                      32
================================================================================
[2025-11-09T01:02:51.007+0000] {manager.py:997} INFO - 
================================================================================
DAG File Processing Stats

File Path                                            PID  Runtime      # DAGs    # Errors  Last Runtime    Last Run               Last # of DB Queries
-------------------------------------------------  -----  ---------  --------  ----------  --------------  -------------------  ----------------------
/opt/airflow/projects/main_pipe/dags/test_pipe.py     33  0.01s             1           0  0.22s           2025-11-09T01:02:20                      32
================================================================================
[2025-11-09T01:03:13.048+0000] {manager.py:465} INFO - Exiting gracefully upon receiving signal 15
[2025-11-09T01:04:06.156+0000] {manager.py:483} INFO - Processing files using up to 2 processes at a time 
[2025-11-09T01:04:06.157+0000] {manager.py:484} INFO - Process each file at most once every 30 seconds
[2025-11-09T01:04:06.157+0000] {manager.py:485} INFO - Checking for new files in /opt/airflow/projects/main_pipe/dags every 300 seconds
[2025-11-09T01:04:06.157+0000] {manager.py:821} INFO - Searching for files in /opt/airflow/projects/main_pipe/dags
[2025-11-09T01:04:06.159+0000] {manager.py:824} INFO - There are 1 files in /opt/airflow/projects/main_pipe/dags
[2025-11-09T01:04:06.244+0000] {manager.py:997} INFO - 
================================================================================
DAG File Processing Stats

File Path                                            PID  Runtime      # DAGs    # Errors  Last Runtime    Last Run      Last # of DB Queries
-------------------------------------------------  -----  ---------  --------  ----------  --------------  ----------  ----------------------
/opt/airflow/projects/main_pipe/dags/test_pipe.py     31  0.05s             0           0                                                   0
================================================================================
[2025-11-09T01:04:36.483+0000] {manager.py:997} INFO - 
================================================================================
DAG File Processing Stats

File Path                                          PID    Runtime      # DAGs    # Errors  Last Runtime    Last Run               Last # of DB Queries
-------------------------------------------------  -----  ---------  --------  ----------  --------------  -------------------  ----------------------
/opt/airflow/projects/main_pipe/dags/test_pipe.py                           1           0  0.40s           2025-11-09T01:04:06                      32
================================================================================
[2025-11-09T01:04:38.325+0000] {manager.py:465} INFO - Exiting gracefully upon receiving signal 15
[2025-11-09T01:05:35.029+0000] {manager.py:483} INFO - Processing files using up to 2 processes at a time 
[2025-11-09T01:05:35.030+0000] {manager.py:484} INFO - Process each file at most once every 30 seconds
[2025-11-09T01:05:35.030+0000] {manager.py:485} INFO - Checking for new files in /opt/airflow/projects/main_pipe/dags every 300 seconds
[2025-11-09T01:05:35.030+0000] {manager.py:821} INFO - Searching for files in /opt/airflow/projects/main_pipe/dags
[2025-11-09T01:05:35.032+0000] {manager.py:824} INFO - There are 1 files in /opt/airflow/projects/main_pipe/dags
[2025-11-09T01:05:35.113+0000] {manager.py:997} INFO - 
================================================================================
DAG File Processing Stats

File Path                                            PID  Runtime      # DAGs    # Errors  Last Runtime    Last Run      Last # of DB Queries
-------------------------------------------------  -----  ---------  --------  ----------  --------------  ----------  ----------------------
/opt/airflow/projects/main_pipe/dags/test_pipe.py     31  0.05s             0           0                                                   0
================================================================================
[2025-11-09T01:06:05.322+0000] {manager.py:997} INFO - 
================================================================================
DAG File Processing Stats

File Path                                          PID    Runtime      # DAGs    # Errors  Last Runtime    Last Run               Last # of DB Queries
-------------------------------------------------  -----  ---------  --------  ----------  --------------  -------------------  ----------------------
/opt/airflow/projects/main_pipe/dags/test_pipe.py                           1           0  0.44s           2025-11-09T01:05:35                      43
================================================================================
[2025-11-09T01:06:36.039+0000] {manager.py:997} INFO - 
================================================================================
DAG File Processing Stats

File Path                                            PID  Runtime      # DAGs    # Errors  Last Runtime    Last Run               Last # of DB Queries
-------------------------------------------------  -----  ---------  --------  ----------  --------------  -------------------  ----------------------
/opt/airflow/projects/main_pipe/dags/test_pipe.py     33  0.01s             1           0  0.24s           2025-11-09T01:06:06                      32
================================================================================
[2025-11-09T01:07:06.495+0000] {manager.py:997} INFO - 
================================================================================
DAG File Processing Stats

File Path                                            PID  Runtime      # DAGs    # Errors  Last Runtime    Last Run               Last # of DB Queries
-------------------------------------------------  -----  ---------  --------  ----------  --------------  -------------------  ----------------------
/opt/airflow/projects/main_pipe/dags/test_pipe.py     34  0.01s             1           0  0.22s           2025-11-09T01:06:36                      32
================================================================================
[2025-11-09T01:07:36.798+0000] {manager.py:997} INFO - 
================================================================================
DAG File Processing Stats

File Path                                            PID  Runtime      # DAGs    # Errors  Last Runtime    Last Run               Last # of DB Queries
-------------------------------------------------  -----  ---------  --------  ----------  --------------  -------------------  ----------------------
/opt/airflow/projects/main_pipe/dags/test_pipe.py     35  0.01s             1           0  0.22s           2025-11-09T01:07:06                      32
================================================================================
[2025-11-09T01:07:37.777+0000] {manager.py:465} INFO - Exiting gracefully upon receiving signal 15
[2025-11-09T01:13:28.178+0000] {manager.py:483} INFO - Processing files using up to 2 processes at a time 
[2025-11-09T01:13:28.179+0000] {manager.py:484} INFO - Process each file at most once every 30 seconds
[2025-11-09T01:13:28.179+0000] {manager.py:485} INFO - Checking for new files in /opt/airflow/projects/main_pipe/dags every 300 seconds
[2025-11-09T01:13:28.180+0000] {manager.py:821} INFO - Searching for files in /opt/airflow/projects/main_pipe/dags
[2025-11-09T01:13:28.182+0000] {manager.py:824} INFO - There are 1 files in /opt/airflow/projects/main_pipe/dags
[2025-11-09T01:13:28.274+0000] {manager.py:997} INFO - 
================================================================================
DAG File Processing Stats

File Path                                            PID  Runtime      # DAGs    # Errors  Last Runtime    Last Run      Last # of DB Queries
-------------------------------------------------  -----  ---------  --------  ----------  --------------  ----------  ----------------------
/opt/airflow/projects/main_pipe/dags/test_pipe.py     31  0.05s             0           0                                                   0
================================================================================
[2025-11-09T01:13:49.635+0000] {manager.py:465} INFO - Exiting gracefully upon receiving signal 15
[2025-11-09T01:14:41.038+0000] {manager.py:483} INFO - Processing files using up to 2 processes at a time 
[2025-11-09T01:14:41.039+0000] {manager.py:484} INFO - Process each file at most once every 30 seconds
[2025-11-09T01:14:41.039+0000] {manager.py:485} INFO - Checking for new files in /opt/airflow/projects/main_pipe/dags every 300 seconds
[2025-11-09T01:14:41.040+0000] {manager.py:821} INFO - Searching for files in /opt/airflow/projects/main_pipe/dags
[2025-11-09T01:14:41.041+0000] {manager.py:824} INFO - There are 1 files in /opt/airflow/projects/main_pipe/dags
[2025-11-09T01:14:41.129+0000] {manager.py:997} INFO - 
================================================================================
DAG File Processing Stats

File Path                                            PID  Runtime      # DAGs    # Errors  Last Runtime    Last Run      Last # of DB Queries
-------------------------------------------------  -----  ---------  --------  ----------  --------------  ----------  ----------------------
/opt/airflow/projects/main_pipe/dags/test_pipe.py     31  0.05s             0           0                                                   0
================================================================================
[2025-11-09T01:15:11.343+0000] {manager.py:997} INFO - 
================================================================================
DAG File Processing Stats

File Path                                          PID    Runtime      # DAGs    # Errors  Last Runtime    Last Run               Last # of DB Queries
-------------------------------------------------  -----  ---------  --------  ----------  --------------  -------------------  ----------------------
/opt/airflow/projects/main_pipe/dags/test_pipe.py                           1           0  0.37s           2025-11-09T01:14:41                      32
================================================================================
[2025-11-09T01:15:41.984+0000] {manager.py:997} INFO - 
================================================================================
DAG File Processing Stats

File Path                                            PID  Runtime      # DAGs    # Errors  Last Runtime    Last Run               Last # of DB Queries
-------------------------------------------------  -----  ---------  --------  ----------  --------------  -------------------  ----------------------
/opt/airflow/projects/main_pipe/dags/test_pipe.py     33  0.01s             1           0  0.22s           2025-11-09T01:15:11                      32
================================================================================
[2025-11-09T01:16:12.413+0000] {manager.py:997} INFO - 
================================================================================
DAG File Processing Stats

File Path                                            PID  Runtime      # DAGs    # Errors  Last Runtime    Last Run               Last # of DB Queries
-------------------------------------------------  -----  ---------  --------  ----------  --------------  -------------------  ----------------------
/opt/airflow/projects/main_pipe/dags/test_pipe.py     34  0.01s             1           0  0.29s           2025-11-09T01:15:42                      32
================================================================================
